
[2023-08-17 15:10:11,477]-INFO:获取消息接口数据

[2023-08-17 15:10:11,481]-INFO:获取消息接口参数

[2023-08-17 15:29:10,063]-INFO:获取应用列表接口数据

[2023-08-17 15:29:10,078]-INFO:获取应用列表接口入参

[2023-08-17 15:29:35,077]-INFO:获取应用列表接口数据

[2023-08-17 15:29:35,077]-INFO:获取应用列表接口入参

[2023-08-17 15:29:35,201]-INFO:<Response [200]>

[2023-08-17 15:29:45,266]-INFO:获取应用列表接口数据

[2023-08-17 15:29:45,282]-INFO:获取应用列表接口入参

[2023-08-17 16:26:06,329]-INFO:获取应用列表接口数据

[2023-08-17 16:26:06,329]-INFO:获取应用列表接口入参

[2023-08-17 16:26:06,344]-INFO:查询已启用的应用

[2023-08-17 16:26:29,720]-INFO:获取应用列表接口数据

[2023-08-17 16:26:29,720]-INFO:获取应用列表接口入参

[2023-08-17 16:26:29,720]-INFO:查询已启用的应用

[2023-08-17 16:26:55,952]-INFO:获取应用列表接口数据

[2023-08-17 16:26:55,952]-INFO:获取应用列表接口入参

[2023-08-17 16:26:55,952]-INFO:查询已启用的应用

[2023-08-17 17:30:27,027]-INFO:登录返回结果<Response [200]>

[2023-08-17 17:30:27,031]-INFO:获取应用列表接口数据

[2023-08-17 17:30:27,039]-INFO:获取应用列表接口入参

[2023-08-17 17:30:27,041]-INFO:查询已启用的应用

[2023-08-17 17:44:27,665]-INFO:退出登录成功
